# JRE version: Java(TM) SE Runtime Environment (15.0.2+7) (build 15.0.2+7-27)
# Java VM: Java HotSpot(TM) 64-Bit Server VM (15.0.2+7-27, mixed mode, sharing, tiered, compressed oops, g1 gc, windows-amd64)
GC Precious Log:
 CPUs: 4 total, 4 available
 Memory: 10165M
 Large Page Support: Disabled
 NUMA Support: Disabled
 Compressed Oops: Enabled (Zero based)
 Heap Region Size: 2M
 Heap Min Capacity: 8M
 Heap Initial Capacity: 8M
 Heap Max Capacity: 2542M
 Pre-touch: Disabled
 Parallel Workers: 4
 Concurrent Workers: 1
 Concurrent Refinement Workers: 4
 Periodic GC: Disabled
Heap:
 garbage-first heap   total 14336K, used 5903K [0x0000000761200000, 0x0000000800000000)
  region size 2048K, 2 young (4096K), 1 survivors (2048K)
 Metaspace       used 8518K, capacity 11274K, committed 11520K, reserved 1058816K
  class space    used 990K, capacity 1266K, committed 1280K, reserved 1048576K
GC Heap History (12 events):
Event: 0.310 GC heap before
{Heap before GC invocations=0 (full 0):
 garbage-first heap   total 8192K, used 2048K [0x0000000761200000, 0x0000000800000000)
  region size 2048K, 1 young (2048K), 0 survivors (0K)
 Metaspace       used 1259K, capacity 5256K, committed 5376K, reserved 1056768K
  class space    used 140K, capacity 496K, committed 512K, reserved 1048576K
}
Event: 0.316 GC heap after
{Heap after GC invocations=1 (full 0):
 garbage-first heap   total 8192K, used 944K [0x0000000761200000, 0x0000000800000000)
  region size 2048K, 1 young (2048K), 1 survivors (2048K)
 Metaspace       used 1259K, capacity 5256K, committed 5376K, reserved 1056768K
  class space    used 140K, capacity 496K, committed 512K, reserved 1048576K
}
Event: 0.621 GC heap before
{Heap before GC invocations=1 (full 0):
 garbage-first heap   total 8192K, used 2992K [0x0000000761200000, 0x0000000800000000)
  region size 2048K, 2 young (4096K), 1 survivors (2048K)
 Metaspace       used 4531K, capacity 8180K, committed 8320K, reserved 1056768K
  class space    used 563K, capacity 896K, committed 896K, reserved 1048576K
}
Event: 0.627 GC heap after
{Heap after GC invocations=2 (full 0):
 garbage-first heap   total 8192K, used 1641K [0x0000000761200000, 0x0000000800000000)
  region size 2048K, 1 young (2048K), 1 survivors (2048K)
 Metaspace       used 4531K, capacity 8180K, committed 8320K, reserved 1056768K
  class space    used 563K, capacity 896K, committed 896K, reserved 1048576K
}
Event: 0.889 GC heap before
{Heap before GC invocations=2 (full 0):
 garbage-first heap   total 8192K, used 3689K [0x0000000761200000, 0x0000000800000000)
  region size 2048K, 2 young (4096K), 1 survivors (2048K)
 Metaspace       used 7475K, capacity 10630K, committed 10752K, reserved 1058816K
  class space    used 879K, capacity 1158K, committed 1280K, reserved 1048576K
}
Event: 0.895 GC heap after
{Heap after GC invocations=3 (full 0):
 garbage-first heap   total 8192K, used 2518K [0x0000000761200000, 0x0000000800000000)
  region size 2048K, 1 young (2048K), 1 survivors (2048K)
 Metaspace       used 7475K, capacity 10630K, committed 10752K, reserved 1058816K
  class space    used 879K, capacity 1158K, committed 1280K, reserved 1048576K
}
Event: 1.016 GC heap before
{Heap before GC invocations=3 (full 0):
 garbage-first heap   total 8192K, used 4566K [0x0000000761200000, 0x0000000800000000)
  region size 2048K, 2 young (4096K), 1 survivors (2048K)
 Metaspace       used 7951K, capacity 10930K, committed 11264K, reserved 1058816K
  class space    used 928K, capacity 1194K, committed 1280K, reserved 1048576K
}
Event: 1.024 GC heap after
{Heap after GC invocations=4 (full 0):
 garbage-first heap   total 8192K, used 3238K [0x0000000761200000, 0x0000000800000000)
  region size 2048K, 1 young (2048K), 1 survivors (2048K)
 Metaspace       used 7951K, capacity 10930K, committed 11264K, reserved 1058816K
  class space    used 928K, capacity 1194K, committed 1280K, reserved 1048576K
}
Event: 1.120 GC heap before
{Heap before GC invocations=4 (full 0):
 garbage-first heap   total 8192K, used 5286K [0x0000000761200000, 0x0000000800000000)
  region size 2048K, 2 young (4096K), 1 survivors (2048K)
 Metaspace       used 8142K, capacity 11035K, committed 11264K, reserved 1058816K
  class space    used 953K, capacity 1229K, committed 1280K, reserved 1048576K
}
Event: 1.126 GC heap after
{Heap after GC invocations=5 (full 0):
 garbage-first heap   total 14336K, used 3660K [0x0000000761200000, 0x0000000800000000)
  region size 2048K, 1 young (2048K), 1 survivors (2048K)
 Metaspace       used 8142K, capacity 11035K, committed 11264K, reserved 1058816K
  class space    used 953K, capacity 1229K, committed 1280K, reserved 1048576K
}
Event: 1.195 GC heap before
{Heap before GC invocations=5 (full 0):
 garbage-first heap   total 14336K, used 5708K [0x0000000761200000, 0x0000000800000000)
  region size 2048K, 2 young (4096K), 1 survivors (2048K)
 Metaspace       used 8253K, capacity 11105K, committed 11264K, reserved 1058816K
  class space    used 963K, capacity 1231K, committed 1280K, reserved 1048576K
}
Event: 1.201 GC heap after
{Heap after GC invocations=6 (full 0):
 garbage-first heap   total 14336K, used 3855K [0x0000000761200000, 0x0000000800000000)
  region size 2048K, 1 young (2048K), 1 survivors (2048K)
 Metaspace       used 8253K, capacity 11105K, committed 11264K, reserved 1058816K
  class space    used 963K, capacity 1231K, committed 1280K, reserved 1048576K
}

